[[[Graal compilation failure]]]
Thread[JVMCI CompilerThread2,9,system]: Compilation of java.util.regex.Pattern$Branch.match(Matcher, int, CharSequence) @ -1 failed:
jdk.vm.ci.common.JVMCIError: java.security.NoSuchAlgorithmException: SHA-1 MessageDigest not available
	at jdk.vm.ci.hotspot.HotSpotSpeculationEncoding.<clinit>(HotSpotSpeculationEncoding.java:190)
	at jdk.vm.ci.meta.EncodedSpeculationReason.encode(EncodedSpeculationReason.java:62)
	at jdk.vm.ci.hotspot.HotSpotSpeculationLog.encode(HotSpotSpeculationLog.java:285)
	at jdk.vm.ci.hotspot.HotSpotSpeculationLog.speculate(HotSpotSpeculationLog.java:256)
	at org.graalvm.compiler.phases.common.inlining.walker.InliningData.getTypeCheckedInlineInfo(InliningData.java:287)
	at org.graalvm.compiler.phases.common.inlining.walker.InliningData.getInlineInfo(InliningData.java:256)
	at org.graalvm.compiler.phases.common.inlining.walker.InliningData.processNextInvoke(InliningData.java:525)
	at org.graalvm.compiler.phases.common.inlining.walker.InliningData.moveForward(InliningData.java:757)
	at org.graalvm.compiler.phases.common.inlining.InliningPhase.run(InliningPhase.java:100)
	at org.graalvm.compiler.phases.common.inlining.InliningPhase.run(InliningPhase.java:40)
	at org.graalvm.compiler.phases.BasePhase.apply(BasePhase.java:212)
	at org.graalvm.compiler.phases.BasePhase.apply(BasePhase.java:147)
	at org.graalvm.compiler.phases.PhaseSuite.run(PhaseSuite.java:209)
	at org.graalvm.compiler.phases.BasePhase.apply(BasePhase.java:212)
	at org.graalvm.compiler.phases.BasePhase.apply(BasePhase.java:147)
	at org.graalvm.compiler.core.GraalCompiler.emitFrontEnd(GraalCompiler.java:254)
	at org.graalvm.compiler.core.GraalCompiler.compile(GraalCompiler.java:153)
	at org.graalvm.compiler.core.GraalCompiler.compileGraph(GraalCompiler.java:138)
	at org.graalvm.compiler.hotspot.HotSpotGraalCompiler.compileHelper(HotSpotGraalCompiler.java:238)
	at org.graalvm.compiler.hotspot.HotSpotGraalCompiler.compile(HotSpotGraalCompiler.java:256)
	at org.graalvm.compiler.hotspot.CompilationTask$HotSpotCompilationWrapper.performCompilation(CompilationTask.java:172)
	at org.graalvm.compiler.hotspot.CompilationTask$HotSpotCompilationWrapper.performCompilation(CompilationTask.java:84)
	at org.graalvm.compiler.core.CompilationWrapper.run(CompilationWrapper.java:222)
	at org.graalvm.compiler.hotspot.CompilationTask.runCompilation(CompilationTask.java:336)
	at org.graalvm.compiler.hotspot.HotSpotGraalCompiler.compileMethod(HotSpotGraalCompiler.java:154)
	at org.graalvm.compiler.hotspot.HotSpotGraalCompiler.compileMethod(HotSpotGraalCompiler.java:119)
	at org.graalvm.compiler.hotspot.HotSpotGraalCompiler.compileMethod(HotSpotGraalCompiler.java:110)
	at jdk.vm.ci.hotspot.HotSpotJVMCIRuntime.compileMethod(HotSpotJVMCIRuntime.java:771)
Caused by: java.security.NoSuchAlgorithmException: SHA-1 MessageDigest not available
	at sun.security.jca.GetInstance.getInstance(GetInstance.java:159)
	at java.security.Security.getImpl(Security.java:695)
	at java.security.MessageDigest.getInstance(MessageDigest.java:170)
	at jdk.vm.ci.hotspot.HotSpotSpeculationEncoding.<clinit>(HotSpotSpeculationEncoding.java:184)
	... 27 more
To disable compilation failure notifications, set CompilationFailureAction to Silent (e.g., -Dgraal.CompilationFailureAction=Silent).
To print a message for a compilation failure without retrying the compilation, set CompilationFailureAction to Print (e.g., -Dgraal.CompilationFailureAction=Print).
Retrying compilation of java.util.regex.Pattern$Branch.match(Matcher, int, CharSequence) @ -1
[thread:10] scope: JVMCI CompilerThread2
    [thread:10] scope: JVMCI CompilerThread2.Compiling.GraalCompiler
    Context: StructuredGraph:17{HotSpotMethod<Pattern$Branch.match(Matcher, int, CharSequence)>}
        [thread:10] scope: JVMCI CompilerThread2.Compiling.GraalCompiler.FrontEnd.PhaseSuite
        Exception raised in scope JVMCI CompilerThread2.Compiling.GraalCompiler.FrontEnd.PhaseSuite: java.lang.InternalError: should not come down here
        	at sun.util.locale.provider.JRELocaleProviderAdapter.getLocaleServiceProvider(JRELocaleProviderAdapter.java:112)
        	at sun.util.locale.provider.LocaleServiceProviderPool.<init>(LocaleServiceProviderPool.java:133)
        	at sun.util.locale.provider.LocaleServiceProviderPool.getPool(LocaleServiceProviderPool.java:111)
        	at sun.util.locale.provider.TimeZoneNameUtility.retrieveDisplayNamesImpl(TimeZoneNameUtility.java:147)
        	at sun.util.locale.provider.TimeZoneNameUtility.retrieveDisplayName(TimeZoneNameUtility.java:137)
        	at java.util.TimeZone.getDisplayName(TimeZone.java:400)
        	at java.util.Date.toString(Date.java:1045)
        	at org.graalvm.compiler.printer.GraphPrinterDumpHandler.openScope(GraphPrinterDumpHandler.java:321)
        	at org.graalvm.compiler.printer.GraphPrinterDumpHandler.dump(GraphPrinterDumpHandler.java:174)
        	at org.graalvm.compiler.debug.ScopeImpl.dump(ScopeImpl.java:223)
        	at org.graalvm.compiler.debug.DebugContext.dump(DebugContext.java:1363)
        	at org.graalvm.compiler.phases.BasePhase.dumpBefore(BasePhase.java:167)
        	at org.graalvm.compiler.phases.BasePhase.apply(BasePhase.java:209)
        	at org.graalvm.compiler.phases.BasePhase.apply(BasePhase.java:147)
        	at org.graalvm.compiler.core.GraalCompiler.emitFrontEnd(GraalCompiler.java:232)
        	at org.graalvm.compiler.core.GraalCompiler.compile(GraalCompiler.java:153)
        	at org.graalvm.compiler.core.GraalCompiler.compileGraph(GraalCompiler.java:138)
        	at org.graalvm.compiler.hotspot.HotSpotGraalCompiler.compileHelper(HotSpotGraalCompiler.java:238)
        	at org.graalvm.compiler.hotspot.HotSpotGraalCompiler.compile(HotSpotGraalCompiler.java:256)
        	at org.graalvm.compiler.hotspot.CompilationTask$HotSpotCompilationWrapper.performCompilation(CompilationTask.java:172)
        	at org.graalvm.compiler.hotspot.CompilationTask$HotSpotCompilationWrapper.performCompilation(CompilationTask.java:84)
        	at org.graalvm.compiler.core.CompilationWrapper.handleFailure(CompilationWrapper.java:335)
        	at org.graalvm.compiler.core.CompilationWrapper.access$000(CompilationWrapper.java:59)
        	at org.graalvm.compiler.core.CompilationWrapper$Failure.handle(CompilationWrapper.java:215)
        	at org.graalvm.compiler.core.CompilationWrapper.onCompilationFailure(CompilationWrapper.java:186)
        	at org.graalvm.compiler.core.CompilationWrapper.run(CompilationWrapper.java:224)
        	at org.graalvm.compiler.hotspot.CompilationTask.runCompilation(CompilationTask.java:336)
        	at org.graalvm.compiler.hotspot.HotSpotGraalCompiler.compileMethod(HotSpotGraalCompiler.java:154)
        	at org.graalvm.compiler.hotspot.HotSpotGraalCompiler.compileMethod(HotSpotGraalCompiler.java:119)
        	at org.graalvm.compiler.hotspot.HotSpotGraalCompiler.compileMethod(HotSpotGraalCompiler.java:110)
        	at jdk.vm.ci.hotspot.HotSpotJVMCIRuntime.compileMethod(HotSpotJVMCIRuntime.java:771)
        
        Context obj org.graalvm.compiler.phases.PhaseSuite@7e7abf99
Exception during retry:
java.lang.RuntimeException: Exception while intercepting exception
	at org.graalvm.compiler.debug.ScopeImpl.interceptException(ScopeImpl.java:372)
	at org.graalvm.compiler.debug.ScopeImpl.handle(ScopeImpl.java:288)
	at org.graalvm.compiler.debug.DebugContext.handle(DebugContext.java:1061)
	at org.graalvm.compiler.phases.BasePhase.apply(BasePhase.java:229)
	at org.graalvm.compiler.phases.BasePhase.apply(BasePhase.java:147)
	at org.graalvm.compiler.core.GraalCompiler.emitFrontEnd(GraalCompiler.java:232)
	at org.graalvm.compiler.core.GraalCompiler.compile(GraalCompiler.java:153)
	at org.graalvm.compiler.core.GraalCompiler.compileGraph(GraalCompiler.java:138)
	at org.graalvm.compiler.hotspot.HotSpotGraalCompiler.compileHelper(HotSpotGraalCompiler.java:238)
	at org.graalvm.compiler.hotspot.HotSpotGraalCompiler.compile(HotSpotGraalCompiler.java:256)
	at org.graalvm.compiler.hotspot.CompilationTask$HotSpotCompilationWrapper.performCompilation(CompilationTask.java:172)
	at org.graalvm.compiler.hotspot.CompilationTask$HotSpotCompilationWrapper.performCompilation(CompilationTask.java:84)
	at org.graalvm.compiler.core.CompilationWrapper.handleFailure(CompilationWrapper.java:335)
	at org.graalvm.compiler.core.CompilationWrapper.access$000(CompilationWrapper.java:59)
	at org.graalvm.compiler.core.CompilationWrapper$Failure.handle(CompilationWrapper.java:215)
	at org.graalvm.compiler.core.CompilationWrapper.onCompilationFailure(CompilationWrapper.java:186)
	at org.graalvm.compiler.core.CompilationWrapper.run(CompilationWrapper.java:224)
	at org.graalvm.compiler.hotspot.CompilationTask.runCompilation(CompilationTask.java:336)
	at org.graalvm.compiler.hotspot.HotSpotGraalCompiler.compileMethod(HotSpotGraalCompiler.java:154)
	at org.graalvm.compiler.hotspot.HotSpotGraalCompiler.compileMethod(HotSpotGraalCompiler.java:119)
	at org.graalvm.compiler.hotspot.HotSpotGraalCompiler.compileMethod(HotSpotGraalCompiler.java:110)
	at jdk.vm.ci.hotspot.HotSpotJVMCIRuntime.compileMethod(HotSpotJVMCIRuntime.java:771)
Caused by: java.lang.InternalError: should not come down here
	at sun.util.locale.provider.JRELocaleProviderAdapter.getLocaleServiceProvider(JRELocaleProviderAdapter.java:112)
	at sun.util.locale.provider.LocaleServiceProviderPool.<init>(LocaleServiceProviderPool.java:133)
	at sun.util.locale.provider.LocaleServiceProviderPool.getPool(LocaleServiceProviderPool.java:111)
	at sun.util.locale.provider.TimeZoneNameUtility.retrieveDisplayNamesImpl(TimeZoneNameUtility.java:147)
	at sun.util.locale.provider.TimeZoneNameUtility.retrieveDisplayName(TimeZoneNameUtility.java:137)
	at java.util.TimeZone.getDisplayName(TimeZone.java:400)
	at java.util.Date.toString(Date.java:1045)
	at org.graalvm.compiler.printer.GraphPrinterDumpHandler.openScope(GraphPrinterDumpHandler.java:321)
	at org.graalvm.compiler.printer.GraphPrinterDumpHandler.dump(GraphPrinterDumpHandler.java:174)
	at org.graalvm.compiler.debug.ScopeImpl.dump(ScopeImpl.java:223)
	at org.graalvm.compiler.debug.DebugContext.dump(DebugContext.java:1363)
	at org.graalvm.compiler.debug.DebugConfigImpl.interceptException(DebugConfigImpl.java:271)
	at org.graalvm.compiler.debug.ScopeImpl.interceptException(ScopeImpl.java:370)
	... 21 more
