[[[Graal compilation failure]]]
Thread[JVMCI CompilerThread1,9,system]: Compilation of java.util.regex.Matcher.usePattern(Pattern) @ -1 failed:
java.lang.NullPointerException
	at org.graalvm.compiler.replacements.classfile.ClassfileBytecode.asStackTraceElement(ClassfileBytecode.java:176)
	at org.graalvm.compiler.java.BytecodeParser.throwParserError(BytecodeParser.java:2587)
	at org.graalvm.compiler.java.BytecodeParser.iterateBytecodesForBlock(BytecodeParser.java:3423)
	at org.graalvm.compiler.java.BytecodeParser.processBlock(BytecodeParser.java:3225)
	at org.graalvm.compiler.java.BytecodeParser.build(BytecodeParser.java:1109)
	at org.graalvm.compiler.java.BytecodeParser.buildRootMethod(BytecodeParser.java:1003)
	at org.graalvm.compiler.java.GraphBuilderPhase$Instance.run(GraphBuilderPhase.java:84)
	at org.graalvm.compiler.phases.Phase.run(Phase.java:49)
	at org.graalvm.compiler.phases.BasePhase.apply(BasePhase.java:212)
	at org.graalvm.compiler.phases.Phase.apply(Phase.java:42)
	at org.graalvm.compiler.phases.Phase.apply(Phase.java:38)
	at org.graalvm.compiler.replacements.ReplacementsImpl$GraphMaker.buildInitialGraph(ReplacementsImpl.java:649)
	at org.graalvm.compiler.replacements.ReplacementsImpl$GraphMaker.makeGraph(ReplacementsImpl.java:513)
	at org.graalvm.compiler.replacements.ReplacementsImpl.makeGraph(ReplacementsImpl.java:454)
	at org.graalvm.compiler.replacements.ReplacementsImpl.getSnippet(ReplacementsImpl.java:291)
	at org.graalvm.compiler.hotspot.HotSpotReplacementsImpl.getSnippet(HotSpotReplacementsImpl.java:277)
	at org.graalvm.compiler.replacements.SnippetTemplate.<init>(SnippetTemplate.java:730)
	at org.graalvm.compiler.replacements.SnippetTemplate$AbstractTemplates.template(SnippetTemplate.java:676)
	at org.graalvm.compiler.replacements.gc.SerialWriteBarrierSnippets$SerialWriteBarrierLowerer.lower(SerialWriteBarrierSnippets.java:131)
	at org.graalvm.compiler.hotspot.replacements.HotSpotSerialWriteBarrierSnippets$Templates.lower(HotSpotSerialWriteBarrierSnippets.java:89)
	at org.graalvm.compiler.hotspot.meta.DefaultHotSpotLoweringProvider.lower(DefaultHotSpotLoweringProvider.java:387)
	at org.graalvm.compiler.hotspot.amd64.AMD64HotSpotLoweringProvider.lower(AMD64HotSpotLoweringProvider.java:95)
	at org.graalvm.compiler.nodes.gc.WriteBarrier.lower(WriteBarrier.java:55)
	at org.graalvm.compiler.phases.common.LoweringPhase$Round.process(LoweringPhase.java:448)
	at org.graalvm.compiler.phases.common.LoweringPhase$Round.access$300(LoweringPhase.java:324)
	at org.graalvm.compiler.phases.common.LoweringPhase$Round$ProcessFrame.preprocess(LoweringPhase.java:388)
	at org.graalvm.compiler.phases.common.LoweringPhase.processBlock(LoweringPhase.java:547)
	at org.graalvm.compiler.phases.common.LoweringPhase$Round.run(LoweringPhase.java:373)
	at org.graalvm.compiler.phases.Phase.run(Phase.java:49)
	at org.graalvm.compiler.phases.BasePhase.apply(BasePhase.java:212)
	at org.graalvm.compiler.phases.BasePhase.apply(BasePhase.java:147)
	at org.graalvm.compiler.phases.PhaseSuite.run(PhaseSuite.java:209)
	at org.graalvm.compiler.phases.common.IncrementalCanonicalizerPhase.run(IncrementalCanonicalizerPhase.java:56)
	at org.graalvm.compiler.phases.common.IncrementalCanonicalizerPhase.run(IncrementalCanonicalizerPhase.java:38)
	at org.graalvm.compiler.phases.BasePhase.apply(BasePhase.java:212)
	at org.graalvm.compiler.phases.BasePhase.apply(BasePhase.java:147)
	at org.graalvm.compiler.phases.common.LoweringPhase.lower(LoweringPhase.java:242)
	at org.graalvm.compiler.phases.common.LoweringPhase.run(LoweringPhase.java:235)
	at org.graalvm.compiler.phases.common.LoweringPhase.run(LoweringPhase.java:91)
	at org.graalvm.compiler.phases.BasePhase.apply(BasePhase.java:212)
	at org.graalvm.compiler.phases.BasePhase.apply(BasePhase.java:147)
	at org.graalvm.compiler.phases.PhaseSuite.run(PhaseSuite.java:209)
	at org.graalvm.compiler.phases.BasePhase.apply(BasePhase.java:212)
	at org.graalvm.compiler.phases.BasePhase.apply(BasePhase.java:147)
	at org.graalvm.compiler.core.GraalCompiler.emitFrontEnd(GraalCompiler.java:264)
	at org.graalvm.compiler.core.GraalCompiler.compile(GraalCompiler.java:153)
	at org.graalvm.compiler.core.GraalCompiler.compileGraph(GraalCompiler.java:138)
	at org.graalvm.compiler.hotspot.HotSpotGraalCompiler.compileHelper(HotSpotGraalCompiler.java:238)
	at org.graalvm.compiler.hotspot.HotSpotGraalCompiler.compile(HotSpotGraalCompiler.java:256)
	at org.graalvm.compiler.hotspot.CompilationTask$HotSpotCompilationWrapper.performCompilation(CompilationTask.java:172)
	at org.graalvm.compiler.hotspot.CompilationTask$HotSpotCompilationWrapper.performCompilation(CompilationTask.java:84)
	at org.graalvm.compiler.core.CompilationWrapper.run(CompilationWrapper.java:222)
	at org.graalvm.compiler.hotspot.CompilationTask.runCompilation(CompilationTask.java:336)
	at org.graalvm.compiler.hotspot.HotSpotGraalCompiler.compileMethod(HotSpotGraalCompiler.java:154)
	at org.graalvm.compiler.hotspot.HotSpotGraalCompiler.compileMethod(HotSpotGraalCompiler.java:119)
	at org.graalvm.compiler.hotspot.HotSpotGraalCompiler.compileMethod(HotSpotGraalCompiler.java:110)
	at jdk.vm.ci.hotspot.HotSpotJVMCIRuntime.compileMethod(HotSpotJVMCIRuntime.java:771)
To disable compilation failure notifications, set CompilationFailureAction to Silent (e.g., -Dgraal.CompilationFailureAction=Silent).
To print a message for a compilation failure without retrying the compilation, set CompilationFailureAction to Print (e.g., -Dgraal.CompilationFailureAction=Print).
Retrying compilation of java.util.regex.Matcher.usePattern(Pattern) @ -1
[thread:9] scope: JVMCI CompilerThread1
    [thread:9] scope: JVMCI CompilerThread1.Compiling.GraalCompiler
    Context: StructuredGraph:18{HotSpotMethod<Matcher.usePattern(Pattern)>}
        [thread:9] scope: JVMCI CompilerThread1.Compiling.GraalCompiler.FrontEnd.PhaseSuite
        Exception raised in scope JVMCI CompilerThread1.Compiling.GraalCompiler.FrontEnd.PhaseSuite: java.lang.InternalError: should not come down here
        	at sun.util.locale.provider.JRELocaleProviderAdapter.getLocaleServiceProvider(JRELocaleProviderAdapter.java:112)
        	at sun.util.locale.provider.LocaleServiceProviderPool.<init>(LocaleServiceProviderPool.java:133)
        	at sun.util.locale.provider.LocaleServiceProviderPool.getPool(LocaleServiceProviderPool.java:111)
        	at sun.util.locale.provider.TimeZoneNameUtility.retrieveDisplayNamesImpl(TimeZoneNameUtility.java:147)
        	at sun.util.locale.provider.TimeZoneNameUtility.retrieveDisplayName(TimeZoneNameUtility.java:137)
        	at java.util.TimeZone.getDisplayName(TimeZone.java:400)
        	at java.util.Date.toString(Date.java:1045)
        	at org.graalvm.compiler.printer.GraphPrinterDumpHandler.openScope(GraphPrinterDumpHandler.java:321)
        	at org.graalvm.compiler.printer.GraphPrinterDumpHandler.dump(GraphPrinterDumpHandler.java:174)
        	at org.graalvm.compiler.debug.ScopeImpl.dump(ScopeImpl.java:223)
        	at org.graalvm.compiler.debug.DebugContext.dump(DebugContext.java:1363)
        	at org.graalvm.compiler.phases.BasePhase.dumpBefore(BasePhase.java:167)
        	at org.graalvm.compiler.phases.BasePhase.apply(BasePhase.java:209)
        	at org.graalvm.compiler.phases.BasePhase.apply(BasePhase.java:147)
        	at org.graalvm.compiler.core.GraalCompiler.emitFrontEnd(GraalCompiler.java:232)
        	at org.graalvm.compiler.core.GraalCompiler.compile(GraalCompiler.java:153)
        	at org.graalvm.compiler.core.GraalCompiler.compileGraph(GraalCompiler.java:138)
        	at org.graalvm.compiler.hotspot.HotSpotGraalCompiler.compileHelper(HotSpotGraalCompiler.java:238)
        	at org.graalvm.compiler.hotspot.HotSpotGraalCompiler.compile(HotSpotGraalCompiler.java:256)
        	at org.graalvm.compiler.hotspot.CompilationTask$HotSpotCompilationWrapper.performCompilation(CompilationTask.java:172)
        	at org.graalvm.compiler.hotspot.CompilationTask$HotSpotCompilationWrapper.performCompilation(CompilationTask.java:84)
        	at org.graalvm.compiler.core.CompilationWrapper.handleFailure(CompilationWrapper.java:335)
        	at org.graalvm.compiler.core.CompilationWrapper.access$000(CompilationWrapper.java:59)
        	at org.graalvm.compiler.core.CompilationWrapper$Failure.handle(CompilationWrapper.java:215)
        	at org.graalvm.compiler.core.CompilationWrapper.onCompilationFailure(CompilationWrapper.java:186)
        	at org.graalvm.compiler.core.CompilationWrapper.run(CompilationWrapper.java:224)
        	at org.graalvm.compiler.hotspot.CompilationTask.runCompilation(CompilationTask.java:336)
        	at org.graalvm.compiler.hotspot.HotSpotGraalCompiler.compileMethod(HotSpotGraalCompiler.java:154)
        	at org.graalvm.compiler.hotspot.HotSpotGraalCompiler.compileMethod(HotSpotGraalCompiler.java:119)
        	at org.graalvm.compiler.hotspot.HotSpotGraalCompiler.compileMethod(HotSpotGraalCompiler.java:110)
        	at jdk.vm.ci.hotspot.HotSpotJVMCIRuntime.compileMethod(HotSpotJVMCIRuntime.java:771)
        
        Context obj org.graalvm.compiler.phases.PhaseSuite@466e6c38
Exception during retry:
java.lang.RuntimeException: Exception while intercepting exception
	at org.graalvm.compiler.debug.ScopeImpl.interceptException(ScopeImpl.java:372)
	at org.graalvm.compiler.debug.ScopeImpl.handle(ScopeImpl.java:288)
	at org.graalvm.compiler.debug.DebugContext.handle(DebugContext.java:1061)
	at org.graalvm.compiler.phases.BasePhase.apply(BasePhase.java:229)
	at org.graalvm.compiler.phases.BasePhase.apply(BasePhase.java:147)
	at org.graalvm.compiler.core.GraalCompiler.emitFrontEnd(GraalCompiler.java:232)
	at org.graalvm.compiler.core.GraalCompiler.compile(GraalCompiler.java:153)
	at org.graalvm.compiler.core.GraalCompiler.compileGraph(GraalCompiler.java:138)
	at org.graalvm.compiler.hotspot.HotSpotGraalCompiler.compileHelper(HotSpotGraalCompiler.java:238)
	at org.graalvm.compiler.hotspot.HotSpotGraalCompiler.compile(HotSpotGraalCompiler.java:256)
	at org.graalvm.compiler.hotspot.CompilationTask$HotSpotCompilationWrapper.performCompilation(CompilationTask.java:172)
	at org.graalvm.compiler.hotspot.CompilationTask$HotSpotCompilationWrapper.performCompilation(CompilationTask.java:84)
	at org.graalvm.compiler.core.CompilationWrapper.handleFailure(CompilationWrapper.java:335)
	at org.graalvm.compiler.core.CompilationWrapper.access$000(CompilationWrapper.java:59)
	at org.graalvm.compiler.core.CompilationWrapper$Failure.handle(CompilationWrapper.java:215)
	at org.graalvm.compiler.core.CompilationWrapper.onCompilationFailure(CompilationWrapper.java:186)
	at org.graalvm.compiler.core.CompilationWrapper.run(CompilationWrapper.java:224)
	at org.graalvm.compiler.hotspot.CompilationTask.runCompilation(CompilationTask.java:336)
	at org.graalvm.compiler.hotspot.HotSpotGraalCompiler.compileMethod(HotSpotGraalCompiler.java:154)
	at org.graalvm.compiler.hotspot.HotSpotGraalCompiler.compileMethod(HotSpotGraalCompiler.java:119)
	at org.graalvm.compiler.hotspot.HotSpotGraalCompiler.compileMethod(HotSpotGraalCompiler.java:110)
	at jdk.vm.ci.hotspot.HotSpotJVMCIRuntime.compileMethod(HotSpotJVMCIRuntime.java:771)
Caused by: java.lang.InternalError: should not come down here
	at sun.util.locale.provider.JRELocaleProviderAdapter.getLocaleServiceProvider(JRELocaleProviderAdapter.java:112)
	at sun.util.locale.provider.LocaleServiceProviderPool.<init>(LocaleServiceProviderPool.java:133)
	at sun.util.locale.provider.LocaleServiceProviderPool.getPool(LocaleServiceProviderPool.java:111)
	at sun.util.locale.provider.TimeZoneNameUtility.retrieveDisplayNamesImpl(TimeZoneNameUtility.java:147)
	at sun.util.locale.provider.TimeZoneNameUtility.retrieveDisplayName(TimeZoneNameUtility.java:137)
	at java.util.TimeZone.getDisplayName(TimeZone.java:400)
	at java.util.Date.toString(Date.java:1045)
	at org.graalvm.compiler.printer.GraphPrinterDumpHandler.openScope(GraphPrinterDumpHandler.java:321)
	at org.graalvm.compiler.printer.GraphPrinterDumpHandler.dump(GraphPrinterDumpHandler.java:174)
	at org.graalvm.compiler.debug.ScopeImpl.dump(ScopeImpl.java:223)
	at org.graalvm.compiler.debug.DebugContext.dump(DebugContext.java:1363)
	at org.graalvm.compiler.debug.DebugConfigImpl.interceptException(DebugConfigImpl.java:271)
	at org.graalvm.compiler.debug.ScopeImpl.interceptException(ScopeImpl.java:370)
	... 21 more
