[[[Graal compilation failure]]]
Thread[JVMCI CompilerThread2,9,system]: Compilation of java.lang.Object.<init>() @ -1 failed:
org.graalvm.compiler.graph.GraalGraphError: java.lang.NullPointerException
	at node: 10|LoweredRegisterFinalizer { stamp=void,  }
	at org.graalvm.compiler.core.gen.NodeLIRBuilder.doBlock(NodeLIRBuilder.java:408)
	at org.graalvm.compiler.core.LIRGenerationPhase.emitBlock(LIRGenerationPhase.java:87)
	at org.graalvm.compiler.core.LIRGenerationPhase.run(LIRGenerationPhase.java:77)
	at org.graalvm.compiler.core.LIRGenerationPhase.run(LIRGenerationPhase.java:48)
	at org.graalvm.compiler.lir.phases.LIRPhase.apply(LIRPhase.java:121)
	at org.graalvm.compiler.lir.phases.LIRPhase.apply(LIRPhase.java:110)
	at org.graalvm.compiler.core.gen.LIRCompilerBackend.emitLIR0(LIRCompilerBackend.java:156)
	at org.graalvm.compiler.core.gen.LIRCompilerBackend.emitLIR(LIRCompilerBackend.java:114)
	at org.graalvm.compiler.core.gen.LIRCompilerBackend.emitBackEnd(LIRCompilerBackend.java:84)
	at org.graalvm.compiler.core.target.Backend.emitBackEnd(Backend.java:279)
	at org.graalvm.compiler.core.GraalCompiler.compile(GraalCompiler.java:154)
	at org.graalvm.compiler.core.GraalCompiler.compileGraph(GraalCompiler.java:138)
	at org.graalvm.compiler.hotspot.HotSpotGraalCompiler.compileHelper(HotSpotGraalCompiler.java:238)
	at org.graalvm.compiler.hotspot.HotSpotGraalCompiler.compile(HotSpotGraalCompiler.java:256)
	at org.graalvm.compiler.hotspot.CompilationTask$HotSpotCompilationWrapper.performCompilation(CompilationTask.java:172)
	at org.graalvm.compiler.hotspot.CompilationTask$HotSpotCompilationWrapper.performCompilation(CompilationTask.java:84)
	at org.graalvm.compiler.core.CompilationWrapper.run(CompilationWrapper.java:222)
	at org.graalvm.compiler.hotspot.CompilationTask.runCompilation(CompilationTask.java:336)
	at org.graalvm.compiler.hotspot.HotSpotGraalCompiler.compileMethod(HotSpotGraalCompiler.java:154)
	at org.graalvm.compiler.hotspot.HotSpotGraalCompiler.compileMethod(HotSpotGraalCompiler.java:119)
	at org.graalvm.compiler.hotspot.HotSpotGraalCompiler.compileMethod(HotSpotGraalCompiler.java:110)
	at jdk.vm.ci.hotspot.HotSpotJVMCIRuntime.compileMethod(HotSpotJVMCIRuntime.java:771)
Caused by: java.lang.NullPointerException
	at org.graalvm.compiler.phases.common.CanonicalizerPhase$Instance$Tool.deleteBranch(CanonicalizerPhase.java:551)
	at org.graalvm.compiler.nodes.IfNode.simplify(IfNode.java:278)
	at org.graalvm.compiler.phases.common.CanonicalizerPhase$Instance.tryCanonicalize(CanonicalizerPhase.java:426)
	at org.graalvm.compiler.phases.common.CanonicalizerPhase$Instance.processNode(CanonicalizerPhase.java:345)
	at org.graalvm.compiler.phases.common.CanonicalizerPhase$Instance.processWorkSet(CanonicalizerPhase.java:322)
	at org.graalvm.compiler.phases.common.CanonicalizerPhase$Instance.run(CanonicalizerPhase.java:281)
	at org.graalvm.compiler.phases.common.CanonicalizerPhase.run(CanonicalizerPhase.java:191)
	at org.graalvm.compiler.phases.common.CanonicalizerPhase.run(CanonicalizerPhase.java:73)
	at org.graalvm.compiler.phases.BasePhase.apply(BasePhase.java:212)
	at org.graalvm.compiler.phases.BasePhase.apply(BasePhase.java:147)
	at org.graalvm.compiler.phases.PhaseSuite.run(PhaseSuite.java:209)
	at org.graalvm.compiler.phases.BasePhase.apply(BasePhase.java:212)
	at org.graalvm.compiler.phases.BasePhase.apply(BasePhase.java:147)
	at org.graalvm.compiler.core.GraalCompiler.emitFrontEnd(GraalCompiler.java:259)
	at org.graalvm.compiler.hotspot.stubs.Stub.buildCompilationResult(Stub.java:235)
	at org.graalvm.compiler.hotspot.stubs.Stub.getCode(Stub.java:197)
	at org.graalvm.compiler.hotspot.HotSpotForeignCallLinkageImpl.finalizeAddress(HotSpotForeignCallLinkageImpl.java:217)
	at org.graalvm.compiler.hotspot.meta.HotSpotForeignCallsProviderImpl.lookupForeignCall(HotSpotForeignCallsProviderImpl.java:203)
	at org.graalvm.compiler.hotspot.meta.HotSpotForeignCallsProviderImpl.lookupForeignCall(HotSpotForeignCallsProviderImpl.java:67)
	at org.graalvm.compiler.core.common.spi.ForeignCallsProvider.lookupForeignCall(ForeignCallsProvider.java:45)
	at org.graalvm.compiler.nodes.java.RegisterFinalizerNode.generate(RegisterFinalizerNode.java:90)
	at org.graalvm.compiler.core.gen.NodeLIRBuilder.emitNode(NodeLIRBuilder.java:509)
	at org.graalvm.compiler.core.gen.NodeLIRBuilder.doRoot(NodeLIRBuilder.java:500)
	at org.graalvm.compiler.core.gen.NodeLIRBuilder.doBlock(NodeLIRBuilder.java:404)
	... 21 more
To disable compilation failure notifications, set CompilationFailureAction to Silent (e.g., -Dgraal.CompilationFailureAction=Silent).
To print a message for a compilation failure without retrying the compilation, set CompilationFailureAction to Print (e.g., -Dgraal.CompilationFailureAction=Print).
Retrying compilation of java.lang.Object.<init>() @ -1
[thread:10] scope: JVMCI CompilerThread2
    [thread:10] scope: JVMCI CompilerThread2.Compiling.GraalCompiler
    Context: StructuredGraph:15{HotSpotMethod<Object.<init>()>}
        [thread:10] scope: JVMCI CompilerThread2.Compiling.GraalCompiler.FrontEnd.PhaseSuite
        Exception raised in scope JVMCI CompilerThread2.Compiling.GraalCompiler.FrontEnd.PhaseSuite: java.lang.InternalError: should not come down here
        	at sun.util.locale.provider.JRELocaleProviderAdapter.getLocaleServiceProvider(JRELocaleProviderAdapter.java:112)
        	at sun.util.locale.provider.LocaleServiceProviderPool.<init>(LocaleServiceProviderPool.java:133)
        	at sun.util.locale.provider.LocaleServiceProviderPool.getPool(LocaleServiceProviderPool.java:111)
        	at sun.util.locale.provider.TimeZoneNameUtility.retrieveDisplayNamesImpl(TimeZoneNameUtility.java:147)
        	at sun.util.locale.provider.TimeZoneNameUtility.retrieveDisplayName(TimeZoneNameUtility.java:137)
        	at java.util.TimeZone.getDisplayName(TimeZone.java:400)
        	at java.util.Date.toString(Date.java:1045)
        	at org.graalvm.compiler.printer.GraphPrinterDumpHandler.openScope(GraphPrinterDumpHandler.java:321)
        	at org.graalvm.compiler.printer.GraphPrinterDumpHandler.dump(GraphPrinterDumpHandler.java:174)
        	at org.graalvm.compiler.debug.ScopeImpl.dump(ScopeImpl.java:223)
        	at org.graalvm.compiler.debug.DebugContext.dump(DebugContext.java:1363)
        	at org.graalvm.compiler.phases.BasePhase.dumpBefore(BasePhase.java:167)
        	at org.graalvm.compiler.phases.BasePhase.apply(BasePhase.java:209)
        	at org.graalvm.compiler.phases.BasePhase.apply(BasePhase.java:147)
        	at org.graalvm.compiler.core.GraalCompiler.emitFrontEnd(GraalCompiler.java:232)
        	at org.graalvm.compiler.core.GraalCompiler.compile(GraalCompiler.java:153)
        	at org.graalvm.compiler.core.GraalCompiler.compileGraph(GraalCompiler.java:138)
        	at org.graalvm.compiler.hotspot.HotSpotGraalCompiler.compileHelper(HotSpotGraalCompiler.java:238)
        	at org.graalvm.compiler.hotspot.HotSpotGraalCompiler.compile(HotSpotGraalCompiler.java:256)
        	at org.graalvm.compiler.hotspot.CompilationTask$HotSpotCompilationWrapper.performCompilation(CompilationTask.java:172)
        	at org.graalvm.compiler.hotspot.CompilationTask$HotSpotCompilationWrapper.performCompilation(CompilationTask.java:84)
        	at org.graalvm.compiler.core.CompilationWrapper.handleFailure(CompilationWrapper.java:335)
        	at org.graalvm.compiler.core.CompilationWrapper.access$000(CompilationWrapper.java:59)
        	at org.graalvm.compiler.core.CompilationWrapper$Failure.handle(CompilationWrapper.java:215)
        	at org.graalvm.compiler.core.CompilationWrapper.onCompilationFailure(CompilationWrapper.java:186)
        	at org.graalvm.compiler.core.CompilationWrapper.run(CompilationWrapper.java:224)
        	at org.graalvm.compiler.hotspot.CompilationTask.runCompilation(CompilationTask.java:336)
        	at org.graalvm.compiler.hotspot.HotSpotGraalCompiler.compileMethod(HotSpotGraalCompiler.java:154)
        	at org.graalvm.compiler.hotspot.HotSpotGraalCompiler.compileMethod(HotSpotGraalCompiler.java:119)
        	at org.graalvm.compiler.hotspot.HotSpotGraalCompiler.compileMethod(HotSpotGraalCompiler.java:110)
        	at jdk.vm.ci.hotspot.HotSpotJVMCIRuntime.compileMethod(HotSpotJVMCIRuntime.java:771)
        
        Context obj org.graalvm.compiler.phases.PhaseSuite@c3f047d
Exception during retry:
java.lang.RuntimeException: Exception while intercepting exception
	at org.graalvm.compiler.debug.ScopeImpl.interceptException(ScopeImpl.java:372)
	at org.graalvm.compiler.debug.ScopeImpl.handle(ScopeImpl.java:288)
	at org.graalvm.compiler.debug.DebugContext.handle(DebugContext.java:1061)
	at org.graalvm.compiler.phases.BasePhase.apply(BasePhase.java:229)
	at org.graalvm.compiler.phases.BasePhase.apply(BasePhase.java:147)
	at org.graalvm.compiler.core.GraalCompiler.emitFrontEnd(GraalCompiler.java:232)
	at org.graalvm.compiler.core.GraalCompiler.compile(GraalCompiler.java:153)
	at org.graalvm.compiler.core.GraalCompiler.compileGraph(GraalCompiler.java:138)
	at org.graalvm.compiler.hotspot.HotSpotGraalCompiler.compileHelper(HotSpotGraalCompiler.java:238)
	at org.graalvm.compiler.hotspot.HotSpotGraalCompiler.compile(HotSpotGraalCompiler.java:256)
	at org.graalvm.compiler.hotspot.CompilationTask$HotSpotCompilationWrapper.performCompilation(CompilationTask.java:172)
	at org.graalvm.compiler.hotspot.CompilationTask$HotSpotCompilationWrapper.performCompilation(CompilationTask.java:84)
	at org.graalvm.compiler.core.CompilationWrapper.handleFailure(CompilationWrapper.java:335)
	at org.graalvm.compiler.core.CompilationWrapper.access$000(CompilationWrapper.java:59)
	at org.graalvm.compiler.core.CompilationWrapper$Failure.handle(CompilationWrapper.java:215)
	at org.graalvm.compiler.core.CompilationWrapper.onCompilationFailure(CompilationWrapper.java:186)
	at org.graalvm.compiler.core.CompilationWrapper.run(CompilationWrapper.java:224)
	at org.graalvm.compiler.hotspot.CompilationTask.runCompilation(CompilationTask.java:336)
	at org.graalvm.compiler.hotspot.HotSpotGraalCompiler.compileMethod(HotSpotGraalCompiler.java:154)
	at org.graalvm.compiler.hotspot.HotSpotGraalCompiler.compileMethod(HotSpotGraalCompiler.java:119)
	at org.graalvm.compiler.hotspot.HotSpotGraalCompiler.compileMethod(HotSpotGraalCompiler.java:110)
	at jdk.vm.ci.hotspot.HotSpotJVMCIRuntime.compileMethod(HotSpotJVMCIRuntime.java:771)
Caused by: java.lang.InternalError: should not come down here
	at sun.util.locale.provider.JRELocaleProviderAdapter.getLocaleServiceProvider(JRELocaleProviderAdapter.java:112)
	at sun.util.locale.provider.LocaleServiceProviderPool.<init>(LocaleServiceProviderPool.java:133)
	at sun.util.locale.provider.LocaleServiceProviderPool.getPool(LocaleServiceProviderPool.java:111)
	at sun.util.locale.provider.TimeZoneNameUtility.retrieveDisplayNamesImpl(TimeZoneNameUtility.java:147)
	at sun.util.locale.provider.TimeZoneNameUtility.retrieveDisplayName(TimeZoneNameUtility.java:137)
	at java.util.TimeZone.getDisplayName(TimeZone.java:400)
	at java.util.Date.toString(Date.java:1045)
	at org.graalvm.compiler.printer.GraphPrinterDumpHandler.openScope(GraphPrinterDumpHandler.java:321)
	at org.graalvm.compiler.printer.GraphPrinterDumpHandler.dump(GraphPrinterDumpHandler.java:174)
	at org.graalvm.compiler.debug.ScopeImpl.dump(ScopeImpl.java:223)
	at org.graalvm.compiler.debug.DebugContext.dump(DebugContext.java:1363)
	at org.graalvm.compiler.debug.DebugConfigImpl.interceptException(DebugConfigImpl.java:271)
	at org.graalvm.compiler.debug.ScopeImpl.interceptException(ScopeImpl.java:370)
	... 21 more
